Arguments: 
  C:\Program Files\nodejs\node.exe C:\Users\BSSLTD\AppData\Roaming\npm\node_modules\yarn\bin\yarn.js add @fullcalendar/core/vdom

PATH: 
  C:\Users\BSSLTD\bin;C:\Program Files\Git\mingw64\bin;C:\Program Files\Git\usr\local\bin;C:\Program Files\Git\usr\bin;C:\Program Files\Git\usr\bin;C:\Program Files\Git\mingw64\bin;C:\Program Files\Git\usr\bin;C:\Users\BSSLTD\bin;C:\WINDOWS\system32;C:\WINDOWS;C:\WINDOWS\System32\Wbem;C:\WINDOWS\System32\WindowsPowerShell\v1.0;C:\WINDOWS\System32\OpenSSH;C:\Program Files\Git\cmd;C:\Program Files (x86)\Bitvise SSH Client;C:\Program Files\PuTTY;C:\ProgramData\chocolatey\bin;C:\Program Files\nodejs;C:\xampp\php;C:\composer;C:\Program Files\Docker\Docker\resources\bin;C:\ProgramData\DockerDesktop\version-bin;C:\Users\BSSLTD\AppData\Local\Programs\Python\Python310\Scripts;C:\Users\BSSLTD\AppData\Local\Programs\Python\Python310;C:\Users\BSSLTD\AppData\Local\Microsoft\WindowsApps;C:\Users\BSSLTD\AppData\Local\GitHubDesktop\bin;C:\Users\BSSLTD\AppData\Local\Programs\Microsoft VS Code\bin;C:\flutter\bin;C:\tools2\dart-sdk\bin;C:\Users\BSSLTD\AppData\Roaming\Pub\Cache\bin;C:\Users\BSSLTD\AppData\Local\Android\Sdk\platform-tools;C:\Users\BSSLTD\AppData\Roaming\npm;C:\Users\BSSLTD\AppData\Roaming\Composer\vendor\bin;C:\Program Files\Git\usr\bin\vendor_perl;C:\Program Files\Git\usr\bin\core_perl

Yarn version: 
  1.22.19

Node version: 
  16.13.1

Platform: 
  win32 x64

Trace: 
  Error: https://registry.yarnpkg.com/@fullcalendar%2fcore/vdom: Request "https://registry.yarnpkg.com/@fullcalendar%2fcore/vdom" returned a 405
      at Request.params.callback [as _callback] (C:\Users\BSSLTD\AppData\Roaming\npm\node_modules\yarn\lib\cli.js:66154:18)
      at Request.self.callback (C:\Users\BSSLTD\AppData\Roaming\npm\node_modules\yarn\lib\cli.js:140890:22)
      at Request.emit (node:events:390:28)
      at Request.<anonymous> (C:\Users\BSSLTD\AppData\Roaming\npm\node_modules\yarn\lib\cli.js:141862:10)
      at Request.emit (node:events:390:28)
      at IncomingMessage.<anonymous> (C:\Users\BSSLTD\AppData\Roaming\npm\node_modules\yarn\lib\cli.js:141784:12)
      at Object.onceWrapper (node:events:509:28)
      at IncomingMessage.emit (node:events:402:35)
      at endReadableNT (node:internal/streams/readable:1343:12)
      at processTicksAndRejections (node:internal/process/task_queues:83:21)

npm manifest: 
  {
    "name": "sales-portal-front",
    "version": "1.0",
    "scripts": {
      "dev": "vite",
      "build": "vite build",
      "preview": "vite preview"
    },
    "dependencies": {
      "@ckeditor/ckeditor5-build-balloon": "^35.4.0",
      "@ckeditor/ckeditor5-build-balloon-block": "^35.4.0",
      "@ckeditor/ckeditor5-build-classic": "^35.4.0",
      "@ckeditor/ckeditor5-build-decoupled-document": "^35.4.0",
      "@ckeditor/ckeditor5-build-inline": "^35.4.0",
      "@fullcalendar/core": "^6.0.0",
      "@fullcalendar/daygrid": "^6.0.0",
      "@fullcalendar/interaction": "^6.0.0",
      "@fullcalendar/list": "^6.0.0",
      "@fullcalendar/timegrid": "^6.0.0",
      "@hookform/resolvers": "^2.9.10",
      "@left4code/tw-starter": "^3.1.39",
      "@popperjs/core": "^2.11.6",
      "@tsed/react-formio": "^1.13.7-rc.1",
      "@tsed/tailwind-formio": "^1.13.7-rc.1",
      "axios": "^1.2.1",
      "chart.js": "^4.0.1",
      "choices.js": "^10.2.0",
      "classnames": "^2.3.2",
      "dayjs": "^1.11.7",
      "dropzone": "^5.9.3",
      "highlight.js": "^11.7.0",
      "js-beautify": "^1.14.7",
      "litepicker": "^2.0.12",
      "lucide": "^0.104.0",
      "lucide-react": "^0.104.1",
      "prop-types": "^15.8.1",
      "react": "^18.2.0",
      "react-dom": "^18.2.0",
      "react-formio": "^4.3.0",
      "react-hook-form": "^7.40.0",
      "react-router-dom": "^6.4.5",
      "react-table": "^7.8.0",
      "react-transition-group": "^4.4.5",
      "recoil": "^0.7.6",
      "simplebar": "^5.3.9",
      "tabulator-tables": "^5.4.3",
      "tiny-slider": "^2.9.4",
      "tippy.js": "^6.3.7",
      "toastify-js": "^1.12.0",
      "tom-select": "^2.2.2",
      "tooltip.js": "^1.3.3",
      "xlsx": "^0.18.5",
      "yup": "^0.32.11",
      "zoom-vanilla.js": "^2.0.6"
    },
    "devDependencies": {
      "@tailwindcss/forms": "^0.5.3",
      "@vitejs/plugin-react": "^3.0.0",
      "autoprefixer": "10.4.13",
      "lodash": "^4.17.21",
      "postcss": "^8.4.20",
      "postcss-advanced-variables": "^3.0.1",
      "postcss-import": "^15.1.0",
      "tailwindcss": "^3.2.4",
      "vite": "^4.0.1"
    }
  }

yarn manifest: 
  No manifest

Lockfile: 
  No lockfile
